ARM COMPILER V2.53,  timer_int                                                             19/01/15  13:23:44  PAGE 1   


ARM COMPILER V2.53, COMPILATION OF MODULE timer_int
OBJECT MODULE PLACED IN timer int.OBJ
COMPILER INVOKED BY: C:\Keil\ARM\BIN\CA.exe timer int.c THUMB BROWSE DEBUG TABS(4) 

stmt  level    source

    1          #include <LPC214X.H>
    2          unsigned int a=0xffffffff;
    3          void myISR(void)__irq
    4          {
    5   1          
    6   1          IOSET0=a;
    7   1          a=~a;
    8   1          IOCLR0=a;
    9   1              T0IR=0x01;   
   10   1          VICVectAddr=0x00;   
   11   1      }
   12            void main()
   13            {
   14   1      
   15   1          IODIR0=0XFFFFFFFF;
   16   1          T0MCR=0x03;
   17   1          T0MR0=0x05;
   18   1          T0PR=0X00000007;
   19   1          //  T0IR=0x01;
   20   1      
   21   1          T0TCR=0X02;
   22   1          T0TCR=0x01;
   23   1      
   24   1         
   25   1         VICIntSelect = 0x00000000;       //intrrupt 
   26   1         VICIntEnable = 0x000000010;
   27   1         
   28   1         VICVectAddr0 = (unsigned)myISR;
   29   1         VICVectCntl0 = (0x20|4);
   30   1      
   31   1         while(1);
   32   1          
   33   1        }
ARM COMPILER V2.53,  timer_int                                                             19/01/15  13:23:44  PAGE 2   

ASSEMBLY LISTING OF GENERATED OBJECT CODE



*** EXTERNALS:
 EXTERN NUMBER (__startup)



*** PUBLICS:
 PUBLIC         myISR?A
 PUBLIC         main
 PUBLIC         a



*** DATA SEGMENT '?DT0?timer_int':
 00000000          a:
 00000000           BEGIN_INIT
 00000000  FFFFFFFF  DD          0xFFFFFFFF
 00000004           END_INIT



*** CODE SEGMENT '?PR?myISR?A?timer_int':
    3: void myISR(void)__irq
 00000000  E92D0007  STMDB       R13!,{R0-R2}
    6:     IOSET0=a;
 00000004  E5100000  LDR         R0,=a ; a
 00000008  E5901000  LDR         R1,[R0,#0x0] ; a
 0000000C  E1A02001  MOV         R2,R1
 00000010  E5100000  LDR         R0,=0xE0028004
 00000014  E5802000  STR         R2,[R0,#0x0]
    7:     a=~a;
 00000018  E1E01001  MVN         R1,R1
 0000001C  E5100000  LDR         R0,=a ; a
 00000020  E5801000  STR         R1,[R0,#0x0] ; a
    8:     IOCLR0=a;
 00000024  E5100000  LDR         R0,=a ; a
 00000028  E5901000  LDR         R1,[R0,#0x0] ; a
 0000002C  E5100000  LDR         R0,=0xE002800C
 00000030  E5801000  STR         R1,[R0,#0x0]
    9:         T0IR=0x01;   
 00000034  E3A01001  MOV         R1,#0x1
 00000038  E5100000  LDR         R0,=0xE0004000
 0000003C  E5801000  STR         R1,[R0,#0x0]
   10:     VICVectAddr=0x00;   
 00000040  E3A01000  MOV         R1,#0x0
 00000044  E5100000  LDR         R0,=0xFFFFF030
 00000048  E5801000  STR         R1,[R0,#0x0]
   11: }
 0000004C  E8BD0007  LDMIA       R13!,{R0-R2}
 00000050  E25EF004  SUBS        R15,R14,#0x0004
 00000054          ENDP ; 'myISR?A'


*** CODE SEGMENT '?PR?main?timer_int':
   12:   void main()
 00000000  B500      PUSH        {LR}
   15:        IODIR0=0XFFFFFFFF;
 00000002  4800      LDR         R1,=0xFFFFFFFF
 00000004  4800      LDR         R0,=0xE0028008
 00000006  6001      STR         R1,[R0,#0x0]
   16:     T0MCR=0x03;
 00000008  2103      MOV         R1,#0x3
 0000000A  4800      LDR         R0,=0xE0004014
 0000000C  6001      STR         R1,[R0,#0x0]
   17:     T0MR0=0x05;
 0000000E  2105      MOV         R1,#0x5
 00000010  4800      LDR         R0,=0xE0004018
 00000012  6001      STR         R1,[R0,#0x0]
   18:     T0PR=0X00000007;
 00000014  2107      MOV         R1,#0x7
 00000016  4800      LDR         R0,=0xE000400C
 00000018  6001      STR         R1,[R0,#0x0]
ARM COMPILER V2.53,  timer_int                                                             19/01/15  13:23:44  PAGE 3   

   21:     T0TCR=0X02;
 0000001A  2102      MOV         R1,#0x2
 0000001C  4800      LDR         R0,=0xE0004004
 0000001E  6001      STR         R1,[R0,#0x0]
   22:     T0TCR=0x01;
 00000020  2101      MOV         R1,#0x1
 00000022  4800      LDR         R0,=0xE0004004
 00000024  6001      STR         R1,[R0,#0x0]
   25:    VICIntSelect = 0x00000000;       //intrrupt 
 00000026  2100      MOV         R1,#0x0
 00000028  4800      LDR         R0,=0xFFFFF00C
 0000002A  6001      STR         R1,[R0,#0x0]
   26:    VICIntEnable = 0x000000010;
 0000002C  2110      MOV         R1,#0x10
 0000002E  4800      LDR         R0,=0xFFFFF010
 00000030  6001      STR         R1,[R0,#0x0]
   28:    VICVectAddr0 = (unsigned)myISR;
 00000032  4900      LDR         R1,=myISR?A ; myISR?A
 00000034  4800      LDR         R0,=0xFFFFF100
 00000036  6001      STR         R1,[R0,#0x0]
   29:    VICVectCntl0 = (0x20|4);
 00000038  2124      MOV         R1,#0x24
 0000003A  4800      LDR         R0,=0xFFFFF200
 0000003C  6001      STR         R1,[R0,#0x0]
   31:    while(1);
 0000003E          L_1:
 0000003E  E7FE      B           L_1  ; T=0x0000003E
 00000040  BC08      POP         {R3}
 00000042  4718      BX          R3
 00000044          ENDP ; 'main'



Module Information          Static
----------------------------------
  code size            =    ------
  data size            =         4
  const size           =    ------
End of Module Information.


ARM COMPILATION COMPLETE.  0 WARNING(S),  0 ERROR(S)
