ARM COMPILER V2.53,  pwm                                                                   16/01/15  12:24:02  PAGE 1   


ARM COMPILER V2.53, COMPILATION OF MODULE pwm
OBJECT MODULE PLACED IN pwm.OBJ
COMPILER INVOKED BY: C:\Keil\ARM\BIN\CA.exe pwm.c THUMB BROWSE DEBUG TABS(4) 

stmt  level    source

    1          #include <LPC214X.H>
    2          void main()
    3          {
    4   1          PWMPCR=0X2A28;
    5   1          PINSEL0=0X0000000A;
    6   1          PINSEL1=0X00000400;
    7   1      
    8   1          PWMPR=0X206A;
    9   1          PWMMR0=30;
   10   1          PWMMR1=15;
   11   1          PWMMR2=5;
   12   1          PWMMR3=23;
   13   1          PWMMR4=10;
   14   1          PWMMR5=18;
   15   1      
   16   1          PWMMCR=0X00000002;
   17   1      
   18   1      
   19   1      while(1)
   20   1      {
   21   2          PWMTCR=0X00000002;
   22   2          PWMTCR=0X00000009;  
   23   2      }   
   24   1      }
ARM COMPILER V2.53,  pwm                                                                   16/01/15  12:24:02  PAGE 2   

ASSEMBLY LISTING OF GENERATED OBJECT CODE



*** EXTERNALS:
 EXTERN NUMBER (__startup)



*** PUBLICS:
 PUBLIC         main



*** CODE SEGMENT '?PR?main?pwm':
    2: void main()
 00000000  B500      PUSH        {LR}
    4:     PWMPCR=0X2A28;
 00000002  4800      LDR         R1,=0x2A28
 00000004  4800      LDR         R0,=0xE001404C
 00000006  6001      STR         R1,[R0,#0x0]
    5:     PINSEL0=0X0000000A;
 00000008  210A      MOV         R1,#0xA
 0000000A  4800      LDR         R0,=0xE002C000
 0000000C  6001      STR         R1,[R0,#0x0]
    6:     PINSEL1=0X00000400;
 0000000E  4800      LDR         R2,=0x400
 00000010  4800      LDR         R0,=0xE002C004
 00000012  6002      STR         R2,[R0,#0x0]
    8:     PWMPR=0X206A;
 00000014  4800      LDR         R2,=0x206A
 00000016  4800      LDR         R0,=0xE001400C
 00000018  6002      STR         R2,[R0,#0x0]
    9:     PWMMR0=30;
 0000001A  221E      MOV         R2,#0x1E
 0000001C  4800      LDR         R0,=0xE0014018
 0000001E  6002      STR         R2,[R0,#0x0]
   10:     PWMMR1=15;
 00000020  220F      MOV         R2,#0xF
 00000022  4800      LDR         R0,=0xE001401C
 00000024  6002      STR         R2,[R0,#0x0]
   11:     PWMMR2=5;
 00000026  2205      MOV         R2,#0x5
 00000028  4800      LDR         R0,=0xE0014020
 0000002A  6002      STR         R2,[R0,#0x0]
   12:     PWMMR3=23;
 0000002C  2217      MOV         R2,#0x17
 0000002E  4800      LDR         R0,=0xE0014024
 00000030  6002      STR         R2,[R0,#0x0]
   13:     PWMMR4=10;
 00000032  4800      LDR         R0,=0xE0014040
 00000034  6001      STR         R1,[R0,#0x0]
   14:     PWMMR5=18;
 00000036  2112      MOV         R1,#0x12
 00000038  4800      LDR         R0,=0xE0014044
 0000003A  6001      STR         R1,[R0,#0x0]
   16:     PWMMCR=0X00000002;
 0000003C  2102      MOV         R1,#0x2
 0000003E  4800      LDR         R0,=0xE0014014
 00000040  6001      STR         R1,[R0,#0x0]
   19: while(1)
 00000042          L_3:
   21:     PWMTCR=0X00000002;
 00000042  2102      MOV         R1,#0x2
 00000044  4800      LDR         R0,=0xE0014004
 00000046  6001      STR         R1,[R0,#0x0]
   22:     PWMTCR=0X00000009;  
 00000048  2109      MOV         R1,#0x9
 0000004A  4800      LDR         R0,=0xE0014004
 0000004C  6001      STR         R1,[R0,#0x0]
   23: }    
ARM COMPILER V2.53,  pwm                                                                   16/01/15  12:24:02  PAGE 3   

 0000004E  E7F8      B           L_3  ; T=0x00000042
 00000050  BC08      POP         {R3}
 00000052  4718      BX          R3
 00000054          ENDP ; 'main'



Module Information          Static
----------------------------------
  code size            =    ------
  data size            =    ------
  const size           =    ------
End of Module Information.


ARM COMPILATION COMPLETE.  0 WARNING(S),  0 ERROR(S)
