ARM COMPILER V2.53,  uartint                                                               21/01/15  11:34:00  PAGE 1   


ARM COMPILER V2.53, COMPILATION OF MODULE uartint
OBJECT MODULE PLACED IN uartint.OBJ
COMPILER INVOKED BY: C:\Keil\ARM\BIN\CA.exe uartint.c THUMB BROWSE DEBUG TABS(4) 

stmt  level    source

    1          #include <LPC214X.H>
    2          #include"SEREAL.h"
*** ERROR C318 IN LINE 2 OF uartint.c: can't open file 'SEREAL.h'
    3           unsigned int a=0;
    4           unsigned char c;
    5          void FIQ_Handler(void)__fiq
    6          {
    7   1          
    8   1          c=getc0();
*** WARNING C140 IN LINE 8 OF UARTINT.C: 'getc0' undefined; assuming 'extern int getc0()'
    9   1          
   10   1          a=1;     
   11   1          VICVectAddr=0x00;   
   12   1      }
   13            void main()
   14            {
   15   1        uart0_init();
*** WARNING C140 IN LINE 15 OF UARTINT.C: 'uart0_init' undefined; assuming 'extern int uart0_init()'
   16   1       
   17   1      
   18   1         VICIntSelect = 0x000000040;      //intrrupt 
   19   1         VICIntEnable = 0x000000040;
   20   1         
   21   1        // VICVectAddr= (unsigned)myISR;
   22   1        // VICVectCntl0 = (0x20|4);
   23   1      
   24   1         while(1)
   25   1         {
   26   2      
   27   2         if(a==1)
   28   2         {
   29   3          putc0(c) ;
*** WARNING C140 IN LINE 29 OF UARTINT.C: 'putc0' undefined; assuming 'extern int putc0()'
   30   3          a=0;
   31   3          }
   32   2         
   33   2         }
   34   1      
   35   1          
   36   1        }

ARM COMPILATION COMPLETE.  3 WARNING(S),  1 ERROR(S)
