ARM COMPILER V2.53,  extint                                                                19/01/15  13:01:58  PAGE 1   


ARM COMPILER V2.53, COMPILATION OF MODULE extint
OBJECT MODULE PLACED IN extint.OBJ
COMPILER INVOKED BY: C:\Keil\ARM\BIN\CA.exe extint.c THUMB BROWSE DEBUG TABS(4) 

stmt  level    source

    1          #include <LPC214X.H>
    2          unsigned int a;
    3          void ext(void)__irq 
    4              {
    5   1          IOSET1=a;
    6   1          a=~a;
    7   1          IOCLR1=a;
    8   1          EXTINT=0X01;
    9   1          VICVectAddr=0X00;
   10   1          }
   11          void main()
   12              {
   13   1          a=0xFFFFFFFF;
   14   1          IODIR1=0XFFFFFFFF;
   15   1          IOCLR1=0XFFFFFFFF;
   16   1          PINSEL0=0X0000000C;
   17   1          VICIntSelect=0X00000000;
   18   1          EXTMODE=0X01;
   19   1          EXTPOLAR=0X01;
   20   1          VICVectCntl0=0X20|14;
   21   1          VICVectAddr0=(unsigned)ext;
   22   1          VICIntEnable=0X00004000;
   23   1          while(1);
   24   1          }
ARM COMPILER V2.53,  extint                                                                19/01/15  13:01:58  PAGE 2   

ASSEMBLY LISTING OF GENERATED OBJECT CODE



*** EXTERNALS:
 EXTERN NUMBER (__startup)



*** PUBLICS:
 PUBLIC         ext?A
 PUBLIC         main
 PUBLIC         a



*** DATA SEGMENT '?DT0?extint':
 00000000          a:
 00000000            DS          4



*** CODE SEGMENT '?PR?ext?A?extint':
    3: void ext(void)__irq 
 00000000  E92D0007  STMDB       R13!,{R0-R2}
    5:     IOSET1=a;
 00000004  E5100000  LDR         R0,=a ; a
 00000008  E5901000  LDR         R1,[R0,#0x0] ; a
 0000000C  E1A02001  MOV         R2,R1
 00000010  E5100000  LDR         R0,=0xE0028014
 00000014  E5802000  STR         R2,[R0,#0x0]
    6:     a=~a;
 00000018  E1E01001  MVN         R1,R1
 0000001C  E5100000  LDR         R0,=a ; a
 00000020  E5801000  STR         R1,[R0,#0x0] ; a
    7:     IOCLR1=a;
 00000024  E5100000  LDR         R0,=a ; a
 00000028  E5901000  LDR         R1,[R0,#0x0] ; a
 0000002C  E5100000  LDR         R0,=0xE002801C
 00000030  E5801000  STR         R1,[R0,#0x0]
    8:     EXTINT=0X01;
 00000034  E3A01001  MOV         R1,#0x1
 00000038  E5100000  LDR         R0,=0xE01FC140
 0000003C  E5C01000  STRB        R1,[R0,#0x0]
    9:     VICVectAddr=0X00;
 00000040  E3A01000  MOV         R1,#0x0
 00000044  E5100000  LDR         R0,=0xFFFFF030
 00000048  E5801000  STR         R1,[R0,#0x0]
   10:     }
 0000004C  E8BD0007  LDMIA       R13!,{R0-R2}
 00000050  E25EF004  SUBS        R15,R14,#0x0004
 00000054          ENDP ; 'ext?A'


*** CODE SEGMENT '?PR?main?extint':
   11: void main()
 00000000  B500      PUSH        {LR}
   13:     a=0xFFFFFFFF;
 00000002  4800      LDR         R1,=0xFFFFFFFF
 00000004  4800      LDR         R0,=a ; a
 00000006  6001      STR         R1,[R0,#0x0] ; a
   14:     IODIR1=0XFFFFFFFF;
 00000008  4800      LDR         R1,=0xFFFFFFFF
 0000000A  4800      LDR         R0,=0xE0028018
 0000000C  6001      STR         R1,[R0,#0x0]
   15:     IOCLR1=0XFFFFFFFF;
 0000000E  4800      LDR         R0,=0xE002801C
 00000010  6001      STR         R1,[R0,#0x0]
   16:     PINSEL0=0X0000000C;
 00000012  210C      MOV         R1,#0xC
 00000014  4800      LDR         R0,=0xE002C000
 00000016  6001      STR         R1,[R0,#0x0]
   17:     VICIntSelect=0X00000000;
 00000018  2100      MOV         R1,#0x0
 0000001A  4800      LDR         R0,=0xFFFFF00C
ARM COMPILER V2.53,  extint                                                                19/01/15  13:01:58  PAGE 3   

 0000001C  6001      STR         R1,[R0,#0x0]
   18:     EXTMODE=0X01;
 0000001E  2101      MOV         R1,#0x1
 00000020  4800      LDR         R0,=0xE01FC148
 00000022  7001      STRB        R1,[R0,#0x0]
   19:     EXTPOLAR=0X01;
 00000024  4800      LDR         R0,=0xE01FC14C
 00000026  7001      STRB        R1,[R0,#0x0]
   20:     VICVectCntl0=0X20|14;
 00000028  212E      MOV         R1,#0x2E
 0000002A  4800      LDR         R0,=0xFFFFF200
 0000002C  6001      STR         R1,[R0,#0x0]
   21:     VICVectAddr0=(unsigned)ext;
 0000002E  4900      LDR         R1,=ext?A ; ext?A
 00000030  4800      LDR         R0,=0xFFFFF100
 00000032  6001      STR         R1,[R0,#0x0]
   22:     VICIntEnable=0X00004000;
 00000034  4800      LDR         R1,=0x4000
 00000036  4800      LDR         R0,=0xFFFFF010
 00000038  6001      STR         R1,[R0,#0x0]
   23:     while(1);
 0000003A          L_1:
 0000003A  E7FE      B           L_1  ; T=0x0000003A
 0000003C  BC08      POP         {R3}
 0000003E  4718      BX          R3
 00000040          ENDP ; 'main'



Module Information          Static
----------------------------------
  code size            =    ------
  data size            =         4
  const size           =    ------
End of Module Information.


ARM COMPILATION COMPLETE.  0 WARNING(S),  0 ERROR(S)
