ARM COMPILER V2.53,  PORTBLINK                                                             12/01/15  11:01:44  PAGE 1   


ARM COMPILER V2.53, COMPILATION OF MODULE PORTBLINK
OBJECT MODULE PLACED IN PORTBLINK.OBJ
COMPILER INVOKED BY: C:\Keil\ARM\BIN\CA.exe PORTBLINK.C THUMB BROWSE DEBUG TABS(4) 

stmt  level    source

    1          #include <LPC214X.H>
    2          #include"DELAY.H"
    3            void main()
    4            {
    5   1          int I;
    6   1          IODIR0=0XFFFFFFFF;
    7   1      
    8   1          while(1)
    9   1          {
   10   2               IOSET0=0XFFFFFFFF;
   11   2               delay_ms(2)
   12   2               IOCLR0=0XFFFFFFFF;
*** ERROR C86 IN LINE 12 OF PORTBLINK.C: '()': 'void' illegal with all types
   13   2               delay_ms(2)
   14   2          }
*** ERROR C25 IN LINE 14 OF PORTBLINK.C: syntax error near '}'
   15   2        }
*** ERROR C7 IN LINE 16 OF PORTBLINK.C: compilation aborted

ARM COMPILATION COMPLETE.  0 WARNING(S),  3 ERROR(S)
