ARM COMPILER V2.53,  armpwm                                                                19/03/15  12:30:28  PAGE 1   


ARM COMPILER V2.53, COMPILATION OF MODULE armpwm
OBJECT MODULE PLACED IN armpwm.OBJ
COMPILER INVOKED BY: C:\Keil\ARM\BIN\CA.exe armpwm.c THUMB BROWSE DEBUG TABS(4) 

stmt  level    source

    1          #include"LPC214X.h"
    2          void main()
    3          {
    4   1        PINSEL0=0X02;
    5   1        PWMPR=15000;
    6   1        PWMMR0=0X0A;
    7   1        PWMMR1=0X05;
    8   1        PWMMCR=0X02;
    9   1        PWMLER=0X03;
   10   1        PWMPCR=(1<<9);
   11   1        PWMTCR=(1<<0); 
   12   1        PWMTCR=(1<<2); 
   13   1        PWMTCR=(1<<0)|(1<<3); 
   14   1        while(1)
   15   1        {
   16   2        }
   17   1      }
ARM COMPILER V2.53,  armpwm                                                                19/03/15  12:30:28  PAGE 2   

ASSEMBLY LISTING OF GENERATED OBJECT CODE



*** EXTERNALS:
 EXTERN NUMBER (__startup)



*** PUBLICS:
 PUBLIC         main



*** CODE SEGMENT '?PR?main?armpwm':
    2: void main()
 00000000  B500      PUSH        {LR}
    4:   PINSEL0=0X02;
 00000002  2102      MOV         R1,#0x2
 00000004  4800      LDR         R0,=0xE002C000
 00000006  6001      STR         R1,[R0,#0x0]
    5:   PWMPR=15000;
 00000008  4800      LDR         R2,=0x3A98
 0000000A  4800      LDR         R0,=0xE001400C
 0000000C  6002      STR         R2,[R0,#0x0]
    6:   PWMMR0=0X0A;
 0000000E  220A      MOV         R2,#0xA
 00000010  4800      LDR         R0,=0xE0014018
 00000012  6002      STR         R2,[R0,#0x0]
    7:   PWMMR1=0X05;
 00000014  2205      MOV         R2,#0x5
 00000016  4800      LDR         R0,=0xE001401C
 00000018  6002      STR         R2,[R0,#0x0]
    8:   PWMMCR=0X02;
 0000001A  4800      LDR         R0,=0xE0014014
 0000001C  6001      STR         R1,[R0,#0x0]
    9:   PWMLER=0X03;
 0000001E  2103      MOV         R1,#0x3
 00000020  4800      LDR         R0,=0xE0014050
 00000022  6001      STR         R1,[R0,#0x0]
   10:   PWMPCR=(1<<9);
 00000024  4980      LDR         R1,=0x200
 00000026  4800      LDR         R0,=0xE001404C
 00000028  6001      STR         R1,[R0,#0x0]
   11:   PWMTCR=(1<<0); 
 0000002A  2101      MOV         R1,#0x1
 0000002C  4800      LDR         R0,=0xE0014004
 0000002E  6001      STR         R1,[R0,#0x0]
   12:   PWMTCR=(1<<2); 
 00000030  2104      MOV         R1,#0x4
 00000032  4800      LDR         R0,=0xE0014004
 00000034  6001      STR         R1,[R0,#0x0]
   13:   PWMTCR=(1<<0)|(1<<3); 
 00000036  2109      MOV         R1,#0x9
 00000038  4800      LDR         R0,=0xE0014004
 0000003A  6001      STR         R1,[R0,#0x0]
   16:   }
 0000003C          L_1:
 0000003C  E7FE      B           L_1  ; T=0x0000003C
 0000003E  BC08      POP         {R3}
 00000040  4718      BX          R3
 00000042          ENDP ; 'main'



Module Information          Static
----------------------------------
  code size            =    ------
  data size            =    ------
  const size           =    ------
End of Module Information.


ARM COMPILATION COMPLETE.  0 WARNING(S),  0 ERROR(S)
