ARM COMPILER V2.53,  timerblink                                                            18/03/15  12:28:38  PAGE 1   


ARM COMPILER V2.53, COMPILATION OF MODULE timerblink
OBJECT MODULE PLACED IN timerblink.OBJ
COMPILER INVOKED BY: C:\Keil\ARM\BIN\CA.exe timerblink.c THUMB BROWSE DEBUG TABS(4) 

stmt  level    source

    1          #include<LPC214X.h>
    2          void main()
    3          { 
    4   1        PINSEL0=0X00;
    5   1        T0CTCR=0X00;
    6   1        T0PR= 0X03A97;
    7   1        IODIR0=0XFFFFFFFF;
    8   1        while(1)
    9   1        {
   10   2         T0TC=0X00;
   11   2         T0TCR=0X01;
   12   2         while(!(T0TC==0X03E8));
   13   2         if(IOSET0==0XFFFFFFFF)
   14   2         IOCLR0=0XFFFFFFFF;
   15   2         else
   16   2         IOSET0=0XFFFFFFFF;
   17   2         T0TCR=0X02;
   18   2        }
   19   1      }
ARM COMPILER V2.53,  timerblink                                                            18/03/15  12:28:38  PAGE 2   

ASSEMBLY LISTING OF GENERATED OBJECT CODE



*** EXTERNALS:
 EXTERN NUMBER (__startup)



*** PUBLICS:
 PUBLIC         main



*** CODE SEGMENT '?PR?main?timerblink':
    2: void main()
 00000000  B500      PUSH        {LR}
    4:   PINSEL0=0X00;
 00000002  2100      MOV         R1,#0x0
 00000004  4800      LDR         R0,=0xE002C000
 00000006  6001      STR         R1,[R0,#0x0]
    5:   T0CTCR=0X00;
 00000008  4800      LDR         R0,=0xE0004070
 0000000A  6001      STR         R1,[R0,#0x0]
    6:   T0PR=    0X03A97;
 0000000C  4800      LDR         R1,=0x3A97
 0000000E  4800      LDR         R0,=0xE000400C
 00000010  6001      STR         R1,[R0,#0x0]
    7:   IODIR0=0XFFFFFFFF;
 00000012  4800      LDR         R1,=0xFFFFFFFF
 00000014  4800      LDR         R0,=0xE0028008
 00000016  6001      STR         R1,[R0,#0x0]
    8:   while(1)
 00000018          L_3:
   10:    T0TC=0X00;
 00000018  2100      MOV         R1,#0x0
 0000001A  4800      LDR         R0,=0xE0004008
 0000001C  6001      STR         R1,[R0,#0x0]
   11:    T0TCR=0X01;
 0000001E  2101      MOV         R1,#0x1
 00000020  4800      LDR         R0,=0xE0004004
 00000022  6001      STR         R1,[R0,#0x0]
   12:    while(!(T0TC==0X03E8));
 00000024          L_5:
 00000024  4800      LDR         R0,=0xE0004008
 00000026  6800      LDR         R0,[R0,#0x0]
 00000028  49FA      LDR         R1,=0x3E8
 0000002A  4288      CMP         R0,R1
 0000002C  D1FA      BNE         L_5  ; T=0x00000024
   13:    if(IOSET0==0XFFFFFFFF)
 0000002E  4800      LDR         R0,=0xE0028004
 00000030  6800      LDR         R0,[R0,#0x0]
 00000032  2101      MOV         R1,#0x1
 00000034  42C8      CMN         R0,R1
 00000036  D103      BNE         L_9  ; T=0x00000040
   14:    IOCLR0=0XFFFFFFFF;
 00000038  4800      LDR         R1,=0xFFFFFFFF
 0000003A  4800      LDR         R0,=0xE002800C
 0000003C  6001      STR         R1,[R0,#0x0]
 0000003E  E002      B           L_10  ; T=0x00000046
 00000040          L_9:
   16:    IOSET0=0XFFFFFFFF;
 00000040  4800      LDR         R1,=0xFFFFFFFF
 00000042  4800      LDR         R0,=0xE0028004
 00000044  6001      STR         R1,[R0,#0x0]
 00000046          L_10:
   17:    T0TCR=0X02;
 00000046  2102      MOV         R1,#0x2
 00000048  4800      LDR         R0,=0xE0004004
 0000004A  6001      STR         R1,[R0,#0x0]
   18:   }
ARM COMPILER V2.53,  timerblink                                                            18/03/15  12:28:38  PAGE 3   

 0000004C  E7E4      B           L_3  ; T=0x00000018
 0000004E  BC08      POP         {R3}
 00000050  4718      BX          R3
 00000052          ENDP ; 'main'



Module Information          Static
----------------------------------
  code size            =    ------
  data size            =    ------
  const size           =    ------
End of Module Information.


ARM COMPILATION COMPLETE.  0 WARNING(S),  0 ERROR(S)
